{"level":"ERROR","location":"[get_call:146] fyersModel","message":{"API":"/history","Error":{"code":-300,"message":"Invalid symbol provided","s":"error"}},"timestamp":"2025-03-23 20:15:59,118+0530","service":"FyersAPI"}
{"level":"ERROR","location":"[get_call:146] fyersModel","message":{"API":"/profile","Error":{"s":"error","code":-17,"message":"Could not authenticate the user"}},"timestamp":"2025-09-15 21:22:06,964+0530","service":"FyersAPI"}
{"level":"ERROR","location":"[get_call:146] fyersModel","message":{"API":"/history","Error":{"code":-16,"message":"Could not authenticate the user","s":"error"}},"timestamp":"2025-09-15 21:22:11,986+0530","service":"FyersAPI"}
{"level":"ERROR","location":"[get_call:146] fyersModel","message":{"API":"/profile","Error":{"s":"error","code":-17,"message":"Could not authenticate the user"}},"timestamp":"2025-09-15 21:42:38,452+0530","service":"FyersAPI"}
{"level":"ERROR","location":"[get_call:146] fyersModel","message":{"API":"/history","Error":{"code":-16,"message":"Could not authenticate the user","s":"error"}},"timestamp":"2025-09-15 21:42:38,947+0530","service":"FyersAPI"}
{"level":"ERROR","location":"[get_call:146] fyersModel","message":{"API":"/profile","Error":{"s":"error","code":-17,"message":"Could not authenticate the user"}},"timestamp":"2025-09-15 21:57:56,673+0530","service":"FyersAPI"}
{"level":"ERROR","location":"[get_call:146] fyersModel","message":{"API":"/history","Error":{"code":-16,"message":"Could not authenticate the user","s":"error"}},"timestamp":"2025-09-15 21:57:57,183+0530","service":"FyersAPI"}
{"level":"ERROR","location":"[get_call:146] fyersModel","message":{"API":"/profile","Error":{"s":"error","code":-17,"message":"Could not authenticate the user"}},"timestamp":"2025-09-15 22:00:24,557+0530","service":"FyersAPI"}
{"level":"ERROR","location":"[get_call:146] fyersModel","message":{"API":"/history","Error":{"code":-16,"message":"Could not authenticate the user","s":"error"}},"timestamp":"2025-09-15 22:00:25,281+0530","service":"FyersAPI"}
{"level":"ERROR","location":"[get_call:146] fyersModel","message":{"API":"/history","Error":{"code":-300,"message":"Invalid symbol provided","s":"error"}},"timestamp":"2025-09-15 23:20:56,169+0530","service":"FyersAPI"}
{"level":"ERROR","location":"[get_call:146] fyersModel","message":{"API":"/history","Error":{"code":-300,"message":"Invalid symbol provided","s":"error"}},"timestamp":"2025-09-15 23:37:21,909+0530","service":"FyersAPI"}
{"level":"ERROR","location":"[get_call:146] fyersModel","message":{"API":"/history","Error":{"code":-300,"message":"Invalid symbol provided","s":"error"}},"timestamp":"2025-09-15 23:37:33,968+0530","service":"FyersAPI"}
{"level":"ERROR","location":"[get_call:146] fyersModel","message":{"API":"/history","Error":{"code":-50,"data":{"range_to":"range_to cannot be 366 days greater than range_from for resolutions 1D"},"message":"Invalid input","s":"error"}},"timestamp":"2025-09-16 15:47:32,257+0530","service":"FyersAPI"}
{"level":"ERROR","location":"[get_call:146] fyersModel","message":{"API":"/history","Error":{"code":-50,"data":{"range_to":"range_to cannot be 366 days greater than range_from for resolutions 1D"},"message":"Invalid input","s":"error"}},"timestamp":"2025-09-16 15:47:32,568+0530","service":"FyersAPI"}
{"level":"ERROR","location":"[get_call:146] fyersModel","message":{"API":"/history","Error":{"code":-50,"data":{"range_to":"range_to cannot be 366 days greater than range_from for resolutions 1D"},"message":"Invalid input","s":"error"}},"timestamp":"2025-09-16 15:47:32,903+0530","service":"FyersAPI"}
{"level":"ERROR","location":"[get_call:146] fyersModel","message":{"API":"/history","Error":{"code":-50,"data":{"range_to":"range_to cannot be 366 days greater than range_from for resolutions 1D"},"message":"Invalid input","s":"error"}},"timestamp":"2025-09-16 15:47:33,220+0530","service":"FyersAPI"}
{"level":"ERROR","location":"[get_call:146] fyersModel","message":{"API":"/history","Error":{"code":-50,"data":{"range_to":"range_to cannot be 366 days greater than range_from for resolutions 1D"},"message":"Invalid input","s":"error"}},"timestamp":"2025-09-16 15:47:33,537+0530","service":"FyersAPI"}
{"level":"ERROR","location":"[get_call:146] fyersModel","message":{"API":"/history","Error":{"code":-50,"data":{"range_to":"range_to cannot be 366 days greater than range_from for resolutions 1D"},"message":"Invalid input","s":"error"}},"timestamp":"2025-09-16 15:47:33,837+0530","service":"FyersAPI"}
{"level":"ERROR","location":"[get_call:146] fyersModel","message":{"API":"/history","Error":{"code":-50,"data":{"range_to":"range_to cannot be 366 days greater than range_from for resolutions 1D"},"message":"Invalid input","s":"error"}},"timestamp":"2025-09-16 15:47:34,121+0530","service":"FyersAPI"}
{"level":"ERROR","location":"[get_call:146] fyersModel","message":{"API":"/history","Error":{"code":-50,"data":{"range_to":"range_to cannot be 366 days greater than range_from for resolutions 1D"},"message":"Invalid input","s":"error"}},"timestamp":"2025-09-16 15:47:34,502+0530","service":"FyersAPI"}
{"level":"ERROR","location":"[get_call:146] fyersModel","message":{"API":"/history","Error":{"code":-50,"data":{"range_to":"range_to cannot be 366 days greater than range_from for resolutions 1D"},"message":"Invalid input","s":"error"}},"timestamp":"2025-09-16 15:47:34,857+0530","service":"FyersAPI"}
{"level":"ERROR","location":"[get_call:146] fyersModel","message":{"API":"/history","Error":{"code":-50,"data":{"range_to":"range_to cannot be 366 days greater than range_from for resolutions 1D"},"message":"Invalid input","s":"error"}},"timestamp":"2025-09-16 15:47:35,168+0530","service":"FyersAPI"}
{"level":"ERROR","location":"[get_call:146] fyersModel","message":{"API":"/history","Error":{"code":-50,"data":{"range_to":"range_to cannot be 366 days greater than range_from for resolutions 1D"},"message":"Invalid input","s":"error"}},"timestamp":"2025-09-16 15:47:35,526+0530","service":"FyersAPI"}
{"level":"ERROR","location":"[get_call:146] fyersModel","message":{"API":"/history","Error":{"code":-50,"data":{"range_to":"range_to cannot be 366 days greater than range_from for resolutions 1D"},"message":"Invalid input","s":"error"}},"timestamp":"2025-09-16 15:47:35,861+0530","service":"FyersAPI"}
{"level":"ERROR","location":"[get_call:146] fyersModel","message":{"API":"/history","Error":{"code":-50,"data":{"range_to":"range_to cannot be 366 days greater than range_from for resolutions 1D"},"message":"Invalid input","s":"error"}},"timestamp":"2025-09-16 15:47:36,181+0530","service":"FyersAPI"}
{"level":"ERROR","location":"[get_call:146] fyersModel","message":{"API":"/history","Error":{"code":-50,"data":{"range_to":"range_to cannot be 366 days greater than range_from for resolutions 1D"},"message":"Invalid input","s":"error"}},"timestamp":"2025-09-16 15:47:36,510+0530","service":"FyersAPI"}
{"level":"ERROR","location":"[get_call:146] fyersModel","message":{"API":"/history","Error":{"code":-50,"data":{"range_to":"range_to cannot be 366 days greater than range_from for resolutions 1D"},"message":"Invalid input","s":"error"}},"timestamp":"2025-09-16 15:47:36,875+0530","service":"FyersAPI"}
{"level":"ERROR","location":"[get_call:146] fyersModel","message":{"API":"/history","Error":{"code":-50,"data":{"range_to":"range_to cannot be 366 days greater than range_from for resolutions 1D"},"message":"Invalid input","s":"error"}},"timestamp":"2025-09-16 15:47:37,176+0530","service":"FyersAPI"}
{"level":"ERROR","location":"[get_call:146] fyersModel","message":{"API":"/history","Error":{"code":-50,"data":{"range_to":"range_to cannot be 366 days greater than range_from for resolutions 1D"},"message":"Invalid input","s":"error"}},"timestamp":"2025-09-16 15:47:37,462+0530","service":"FyersAPI"}
{"level":"ERROR","location":"[get_call:146] fyersModel","message":{"API":"/history","Error":{"code":-50,"data":{"range_to":"range_to cannot be 366 days greater than range_from for resolutions 1D"},"message":"Invalid input","s":"error"}},"timestamp":"2025-09-16 15:47:37,794+0530","service":"FyersAPI"}
{"level":"ERROR","location":"[get_call:146] fyersModel","message":{"API":"/history","Error":{"code":-50,"data":{"range_to":"range_to cannot be 366 days greater than range_from for resolutions 1D"},"message":"Invalid input","s":"error"}},"timestamp":"2025-09-16 15:47:38,170+0530","service":"FyersAPI"}
{"level":"ERROR","location":"[get_call:146] fyersModel","message":{"API":"/history","Error":{"code":-50,"data":{"range_to":"range_to cannot be 366 days greater than range_from for resolutions 1D"},"message":"Invalid input","s":"error"}},"timestamp":"2025-09-16 15:47:38,484+0530","service":"FyersAPI"}
{"level":"ERROR","location":"[get_call:146] fyersModel","message":{"API":"/history","Error":{"code":-50,"data":{"range_to":"range_to cannot be 366 days greater than range_from for resolutions 1D"},"message":"Invalid input","s":"error"}},"timestamp":"2025-09-16 15:47:38,758+0530","service":"FyersAPI"}
{"level":"ERROR","location":"[get_call:146] fyersModel","message":{"API":"/history","Error":{"code":-50,"data":{"range_to":"range_to cannot be 366 days greater than range_from for resolutions 1D"},"message":"Invalid input","s":"error"}},"timestamp":"2025-09-16 15:47:39,084+0530","service":"FyersAPI"}
{"level":"ERROR","location":"[get_call:146] fyersModel","message":{"API":"/history","Error":{"code":-50,"data":{"range_to":"range_to cannot be 366 days greater than range_from for resolutions 1D"},"message":"Invalid input","s":"error"}},"timestamp":"2025-09-16 15:47:39,428+0530","service":"FyersAPI"}
{"level":"ERROR","location":"[get_call:146] fyersModel","message":{"API":"/history","Error":{"code":-50,"data":{"range_to":"range_to cannot be 366 days greater than range_from for resolutions 1D"},"message":"Invalid input","s":"error"}},"timestamp":"2025-09-16 15:47:39,763+0530","service":"FyersAPI"}
{"level":"ERROR","location":"[get_call:146] fyersModel","message":{"API":"/history","Error":{"code":-50,"data":{"range_to":"range_to cannot be 366 days greater than range_from for resolutions 1D"},"message":"Invalid input","s":"error"}},"timestamp":"2025-09-16 15:47:40,098+0530","service":"FyersAPI"}
{"level":"ERROR","location":"[get_call:146] fyersModel","message":{"API":"/history","Error":{"code":-50,"data":{"range_to":"range_to cannot be 366 days greater than range_from for resolutions 1D"},"message":"Invalid input","s":"error"}},"timestamp":"2025-09-16 15:47:40,545+0530","service":"FyersAPI"}
{"level":"ERROR","location":"[get_call:146] fyersModel","message":{"API":"/history","Error":{"code":-50,"data":{"range_to":"range_to cannot be 366 days greater than range_from for resolutions 1D"},"message":"Invalid input","s":"error"}},"timestamp":"2025-09-16 15:47:40,863+0530","service":"FyersAPI"}
{"level":"ERROR","location":"[get_call:146] fyersModel","message":{"API":"/history","Error":{"code":-50,"data":{"range_to":"range_to cannot be 366 days greater than range_from for resolutions 1D"},"message":"Invalid input","s":"error"}},"timestamp":"2025-09-16 15:47:41,190+0530","service":"FyersAPI"}
{"level":"ERROR","location":"[get_call:146] fyersModel","message":{"API":"/history","Error":{"code":-50,"data":{"range_to":"range_to cannot be 366 days greater than range_from for resolutions 1D"},"message":"Invalid input","s":"error"}},"timestamp":"2025-09-16 15:47:41,498+0530","service":"FyersAPI"}
{"level":"ERROR","location":"[get_call:146] fyersModel","message":{"API":"/history","Error":{"code":-50,"data":{"range_to":"range_to cannot be 366 days greater than range_from for resolutions 1D"},"message":"Invalid input","s":"error"}},"timestamp":"2025-09-16 15:47:41,830+0530","service":"FyersAPI"}
{"level":"ERROR","location":"[get_call:146] fyersModel","message":{"API":"/history","Error":{"code":-50,"data":{"range_to":"range_to cannot be 366 days greater than range_from for resolutions 1D"},"message":"Invalid input","s":"error"}},"timestamp":"2025-09-16 15:47:42,138+0530","service":"FyersAPI"}
{"level":"ERROR","location":"[get_call:146] fyersModel","message":{"API":"/history","Error":{"code":-50,"data":{"range_to":"range_to cannot be 366 days greater than range_from for resolutions 1D"},"message":"Invalid input","s":"error"}},"timestamp":"2025-09-16 15:47:42,470+0530","service":"FyersAPI"}
{"level":"ERROR","location":"[get_call:146] fyersModel","message":{"API":"/history","Error":{"code":-50,"data":{"range_to":"range_to cannot be 366 days greater than range_from for resolutions 1D"},"message":"Invalid input","s":"error"}},"timestamp":"2025-09-16 15:47:42,803+0530","service":"FyersAPI"}
{"level":"ERROR","location":"[get_call:146] fyersModel","message":{"API":"/history","Error":{"code":-50,"data":{"range_to":"range_to cannot be 366 days greater than range_from for resolutions 1D"},"message":"Invalid input","s":"error"}},"timestamp":"2025-09-16 15:47:43,158+0530","service":"FyersAPI"}
{"level":"ERROR","location":"[get_call:146] fyersModel","message":{"API":"/history","Error":{"code":-50,"data":{"range_to":"range_to cannot be 366 days greater than range_from for resolutions 1D"},"message":"Invalid input","s":"error"}},"timestamp":"2025-09-16 15:47:43,496+0530","service":"FyersAPI"}
{"level":"ERROR","location":"[get_call:146] fyersModel","message":{"API":"/history","Error":{"code":-50,"data":{"range_to":"range_to cannot be 366 days greater than range_from for resolutions 1D"},"message":"Invalid input","s":"error"}},"timestamp":"2025-09-16 15:47:43,866+0530","service":"FyersAPI"}
{"level":"ERROR","location":"[get_call:146] fyersModel","message":{"API":"/history","Error":{"code":-50,"data":{"range_to":"range_to cannot be 366 days greater than range_from for resolutions 1D"},"message":"Invalid input","s":"error"}},"timestamp":"2025-09-16 15:47:44,232+0530","service":"FyersAPI"}
{"level":"ERROR","location":"[get_call:146] fyersModel","message":{"API":"/history","Error":{"code":-50,"data":{"range_to":"range_to cannot be 366 days greater than range_from for resolutions 1D"},"message":"Invalid input","s":"error"}},"timestamp":"2025-09-16 15:47:44,759+0530","service":"FyersAPI"}
{"level":"ERROR","location":"[get_call:146] fyersModel","message":{"API":"/history","Error":{"code":-50,"data":{"range_to":"range_to cannot be 366 days greater than range_from for resolutions 1D"},"message":"Invalid input","s":"error"}},"timestamp":"2025-09-16 15:47:45,071+0530","service":"FyersAPI"}
{"level":"ERROR","location":"[get_call:146] fyersModel","message":{"API":"/history","Error":{"code":-50,"data":{"range_to":"range_to cannot be 366 days greater than range_from for resolutions 1D"},"message":"Invalid input","s":"error"}},"timestamp":"2025-09-16 15:47:45,396+0530","service":"FyersAPI"}
{"level":"ERROR","location":"[get_call:146] fyersModel","message":{"API":"/history","Error":{"code":-50,"data":{"range_to":"range_to cannot be 366 days greater than range_from for resolutions 1D"},"message":"Invalid input","s":"error"}},"timestamp":"2025-09-16 15:47:45,925+0530","service":"FyersAPI"}
{"level":"ERROR","location":"[get_call:146] fyersModel","message":{"API":"/history","Error":{"code":-50,"data":{"range_to":"range_to cannot be 366 days greater than range_from for resolutions 1D"},"message":"Invalid input","s":"error"}},"timestamp":"2025-09-16 15:47:46,247+0530","service":"FyersAPI"}
{"level":"ERROR","location":"[get_call:146] fyersModel","message":{"API":"/history","Error":{"code":-50,"data":{"range_to":"range_to cannot be 366 days greater than range_from for resolutions 1D"},"message":"Invalid input","s":"error"}},"timestamp":"2025-09-16 15:47:46,567+0530","service":"FyersAPI"}
{"level":"ERROR","location":"[get_call:146] fyersModel","message":{"API":"/history","Error":{"code":-50,"data":{"range_to":"range_to cannot be 366 days greater than range_from for resolutions 1D"},"message":"Invalid input","s":"error"}},"timestamp":"2025-09-16 15:47:46,873+0530","service":"FyersAPI"}
{"level":"ERROR","location":"[get_call:146] fyersModel","message":{"API":"/history","Error":{"code":-50,"data":{"range_to":"range_to cannot be 366 days greater than range_from for resolutions 1D"},"message":"Invalid input","s":"error"}},"timestamp":"2025-09-16 15:47:47,223+0530","service":"FyersAPI"}
{"level":"ERROR","location":"[get_call:146] fyersModel","message":{"API":"/history","Error":{"code":-50,"data":{"range_to":"range_to cannot be 366 days greater than range_from for resolutions 1D"},"message":"Invalid input","s":"error"}},"timestamp":"2025-09-16 15:47:47,567+0530","service":"FyersAPI"}
{"level":"ERROR","location":"[get_call:146] fyersModel","message":{"API":"/history","Error":{"code":-50,"data":{"range_to":"range_to cannot be 366 days greater than range_from for resolutions 1D"},"message":"Invalid input","s":"error"}},"timestamp":"2025-09-16 15:47:47,860+0530","service":"FyersAPI"}
{"level":"ERROR","location":"[get_call:146] fyersModel","message":{"API":"/history","Error":{"code":-50,"data":{"range_to":"range_to cannot be 366 days greater than range_from for resolutions 1D"},"message":"Invalid input","s":"error"}},"timestamp":"2025-09-16 15:47:48,153+0530","service":"FyersAPI"}
{"level":"ERROR","location":"[get_call:146] fyersModel","message":{"API":"/history","Error":{"code":-50,"data":{"range_to":"range_to cannot be 366 days greater than range_from for resolutions 1D"},"message":"Invalid input","s":"error"}},"timestamp":"2025-09-16 15:47:48,471+0530","service":"FyersAPI"}
{"level":"ERROR","location":"[get_call:146] fyersModel","message":{"API":"/history","Error":{"code":-50,"data":{"range_to":"range_to cannot be 366 days greater than range_from for resolutions 1D"},"message":"Invalid input","s":"error"}},"timestamp":"2025-09-16 15:47:48,779+0530","service":"FyersAPI"}
{"level":"ERROR","location":"[get_call:146] fyersModel","message":{"API":"/history","Error":{"code":-50,"data":{"range_to":"range_to cannot be 366 days greater than range_from for resolutions 1D"},"message":"Invalid input","s":"error"}},"timestamp":"2025-09-16 15:48:27,036+0530","service":"FyersAPI"}
{"level":"ERROR","location":"[get_call:146] fyersModel","message":{"API":"/history","Error":{"code":-50,"data":{"range_to":"range_to cannot be 366 days greater than range_from for resolutions 1D"},"message":"Invalid input","s":"error"}},"timestamp":"2025-09-16 15:48:27,342+0530","service":"FyersAPI"}
{"level":"ERROR","location":"[get_call:146] fyersModel","message":{"API":"/history","Error":{"code":-50,"data":{"range_to":"range_to cannot be 366 days greater than range_from for resolutions 1D"},"message":"Invalid input","s":"error"}},"timestamp":"2025-09-16 15:48:27,660+0530","service":"FyersAPI"}
{"level":"ERROR","location":"[get_call:146] fyersModel","message":{"API":"/history","Error":{"code":-50,"data":{"range_to":"range_to cannot be 366 days greater than range_from for resolutions 1D"},"message":"Invalid input","s":"error"}},"timestamp":"2025-09-16 15:48:28,041+0530","service":"FyersAPI"}
{"level":"ERROR","location":"[get_call:146] fyersModel","message":{"API":"/history","Error":{"code":-50,"data":{"range_to":"range_to cannot be 366 days greater than range_from for resolutions 1D"},"message":"Invalid input","s":"error"}},"timestamp":"2025-09-16 15:48:28,358+0530","service":"FyersAPI"}
{"level":"ERROR","location":"[get_call:146] fyersModel","message":{"API":"/history","Error":{"code":-50,"data":{"range_to":"range_to cannot be 366 days greater than range_from for resolutions 1D"},"message":"Invalid input","s":"error"}},"timestamp":"2025-09-16 15:48:28,627+0530","service":"FyersAPI"}
{"level":"ERROR","location":"[get_call:146] fyersModel","message":{"API":"/history","Error":{"code":-50,"data":{"range_to":"range_to cannot be 366 days greater than range_from for resolutions 1D"},"message":"Invalid input","s":"error"}},"timestamp":"2025-09-16 15:48:28,944+0530","service":"FyersAPI"}
{"level":"ERROR","location":"[get_call:146] fyersModel","message":{"API":"/history","Error":{"code":-50,"data":{"range_to":"range_to cannot be 366 days greater than range_from for resolutions 1D"},"message":"Invalid input","s":"error"}},"timestamp":"2025-09-16 15:48:29,295+0530","service":"FyersAPI"}
{"level":"ERROR","location":"[get_call:146] fyersModel","message":{"API":"/history","Error":{"code":-50,"data":{"range_to":"range_to cannot be 366 days greater than range_from for resolutions 1D"},"message":"Invalid input","s":"error"}},"timestamp":"2025-09-16 15:48:59,664+0530","service":"FyersAPI"}
{"level":"ERROR","location":"[get_call:146] fyersModel","message":{"API":"/history","Error":{"code":-50,"data":{"range_to":"range_to cannot be 366 days greater than range_from for resolutions 1D"},"message":"Invalid input","s":"error"}},"timestamp":"2025-09-16 15:48:59,965+0530","service":"FyersAPI"}
{"level":"ERROR","location":"[get_call:146] fyersModel","message":{"API":"/history","Error":{"code":-50,"data":{"range_to":"range_to cannot be 366 days greater than range_from for resolutions 1D"},"message":"Invalid input","s":"error"}},"timestamp":"2025-09-16 15:49:00,273+0530","service":"FyersAPI"}
{"level":"ERROR","location":"[get_call:146] fyersModel","message":{"API":"/history","Error":{"code":-50,"data":{"range_to":"range_to cannot be 366 days greater than range_from for resolutions 1D"},"message":"Invalid input","s":"error"}},"timestamp":"2025-09-16 15:49:00,586+0530","service":"FyersAPI"}
{"level":"ERROR","location":"[get_call:146] fyersModel","message":{"API":"/history","Error":{"code":-50,"data":{"range_to":"range_to cannot be 366 days greater than range_from for resolutions 1D"},"message":"Invalid input","s":"error"}},"timestamp":"2025-09-16 15:49:00,890+0530","service":"FyersAPI"}
{"level":"ERROR","location":"[get_call:146] fyersModel","message":{"API":"/history","Error":{"code":-50,"data":{"range_to":"range_to cannot be 366 days greater than range_from for resolutions 1D"},"message":"Invalid input","s":"error"}},"timestamp":"2025-09-16 15:49:01,188+0530","service":"FyersAPI"}
{"level":"ERROR","location":"[get_call:146] fyersModel","message":{"API":"/history","Error":{"code":-50,"data":{"range_to":"range_to cannot be 366 days greater than range_from for resolutions 1D"},"message":"Invalid input","s":"error"}},"timestamp":"2025-09-16 15:49:01,562+0530","service":"FyersAPI"}
{"level":"ERROR","location":"[get_call:146] fyersModel","message":{"API":"/history","Error":{"code":-50,"data":{"range_to":"range_to cannot be 366 days greater than range_from for resolutions 1D"},"message":"Invalid input","s":"error"}},"timestamp":"2025-09-16 15:49:01,863+0530","service":"FyersAPI"}
{"level":"ERROR","location":"[get_call:146] fyersModel","message":{"API":"/history","Error":{"code":-50,"data":{"range_to":"range_to cannot be 366 days greater than range_from for resolutions 1D"},"message":"Invalid input","s":"error"}},"timestamp":"2025-09-16 15:49:02,180+0530","service":"FyersAPI"}
{"level":"ERROR","location":"[get_call:146] fyersModel","message":{"API":"/history","Error":{"code":-50,"data":{"range_to":"range_to cannot be 366 days greater than range_from for resolutions 1D"},"message":"Invalid input","s":"error"}},"timestamp":"2025-09-16 15:49:02,519+0530","service":"FyersAPI"}
{"level":"ERROR","location":"[get_call:146] fyersModel","message":{"API":"/history","Error":{"code":-50,"data":{"range_to":"range_to cannot be 366 days greater than range_from for resolutions 1D"},"message":"Invalid input","s":"error"}},"timestamp":"2025-09-16 15:49:02,901+0530","service":"FyersAPI"}
{"level":"ERROR","location":"[get_call:146] fyersModel","message":{"API":"/history","Error":{"code":-50,"data":{"range_to":"range_to cannot be 366 days greater than range_from for resolutions 1D"},"message":"Invalid input","s":"error"}},"timestamp":"2025-09-16 15:49:03,266+0530","service":"FyersAPI"}
{"level":"ERROR","location":"[get_call:146] fyersModel","message":{"API":"/history","Error":{"code":-50,"data":{"range_to":"range_to cannot be 366 days greater than range_from for resolutions 1D"},"message":"Invalid input","s":"error"}},"timestamp":"2025-09-16 15:49:03,599+0530","service":"FyersAPI"}
{"level":"ERROR","location":"[get_call:146] fyersModel","message":{"API":"/history","Error":{"code":-50,"data":{"range_to":"range_to cannot be 366 days greater than range_from for resolutions 1D"},"message":"Invalid input","s":"error"}},"timestamp":"2025-09-16 15:49:04,001+0530","service":"FyersAPI"}
{"level":"ERROR","location":"[get_call:146] fyersModel","message":{"API":"/history","Error":{"code":-50,"data":{"range_to":"range_to cannot be 366 days greater than range_from for resolutions 1D"},"message":"Invalid input","s":"error"}},"timestamp":"2025-09-16 15:49:04,334+0530","service":"FyersAPI"}
{"level":"ERROR","location":"[get_call:146] fyersModel","message":{"API":"/history","Error":{"code":-50,"data":{"range_to":"range_to cannot be 366 days greater than range_from for resolutions 1D"},"message":"Invalid input","s":"error"}},"timestamp":"2025-09-16 15:49:04,726+0530","service":"FyersAPI"}
{"level":"ERROR","location":"[get_call:146] fyersModel","message":{"API":"/history","Error":{"code":-50,"data":{"range_to":"range_to cannot be 366 days greater than range_from for resolutions 1D"},"message":"Invalid input","s":"error"}},"timestamp":"2025-09-16 15:49:05,030+0530","service":"FyersAPI"}
{"level":"ERROR","location":"[get_call:146] fyersModel","message":{"API":"/history","Error":{"code":-50,"data":{"range_to":"range_to cannot be 366 days greater than range_from for resolutions 1D"},"message":"Invalid input","s":"error"}},"timestamp":"2025-09-16 15:49:05,446+0530","service":"FyersAPI"}
{"level":"ERROR","location":"[get_call:146] fyersModel","message":{"API":"/history","Error":{"code":-50,"data":{"range_to":"range_to cannot be 366 days greater than range_from for resolutions 1D"},"message":"Invalid input","s":"error"}},"timestamp":"2025-09-16 15:49:05,749+0530","service":"FyersAPI"}
{"level":"ERROR","location":"[get_call:146] fyersModel","message":{"API":"/history","Error":{"code":-50,"data":{"range_to":"range_to cannot be 366 days greater than range_from for resolutions 1D"},"message":"Invalid input","s":"error"}},"timestamp":"2025-09-16 15:49:06,067+0530","service":"FyersAPI"}
{"level":"ERROR","location":"[get_call:146] fyersModel","message":{"API":"/history","Error":{"code":-50,"data":{"range_to":"range_to cannot be 366 days greater than range_from for resolutions 1D"},"message":"Invalid input","s":"error"}},"timestamp":"2025-09-16 15:49:06,399+0530","service":"FyersAPI"}
{"level":"ERROR","location":"[get_call:146] fyersModel","message":{"API":"/history","Error":{"code":-50,"data":{"range_to":"range_to cannot be 366 days greater than range_from for resolutions 1D"},"message":"Invalid input","s":"error"}},"timestamp":"2025-09-16 15:49:06,715+0530","service":"FyersAPI"}
{"level":"ERROR","location":"[get_call:146] fyersModel","message":{"API":"/history","Error":{"code":-50,"data":{"range_to":"range_to cannot be 366 days greater than range_from for resolutions 1D"},"message":"Invalid input","s":"error"}},"timestamp":"2025-09-16 15:49:15,818+0530","service":"FyersAPI"}
{"level":"ERROR","location":"[get_call:146] fyersModel","message":{"API":"/history","Error":{"code":-50,"data":{"range_to":"range_to cannot be 366 days greater than range_from for resolutions 1D"},"message":"Invalid input","s":"error"}},"timestamp":"2025-09-16 15:49:16,113+0530","service":"FyersAPI"}
{"level":"ERROR","location":"[get_call:146] fyersModel","message":{"API":"/history","Error":{"code":-50,"data":{"range_to":"range_to cannot be 366 days greater than range_from for resolutions 1D"},"message":"Invalid input","s":"error"}},"timestamp":"2025-09-16 15:49:16,429+0530","service":"FyersAPI"}
{"level":"ERROR","location":"[get_call:146] fyersModel","message":{"API":"/history","Error":{"code":-50,"data":{"range_to":"range_to cannot be 366 days greater than range_from for resolutions 1D"},"message":"Invalid input","s":"error"}},"timestamp":"2025-09-16 15:49:16,756+0530","service":"FyersAPI"}
{"level":"ERROR","location":"[get_call:146] fyersModel","message":{"API":"/history","Error":{"code":-50,"data":{"range_to":"range_to cannot be 366 days greater than range_from for resolutions 1D"},"message":"Invalid input","s":"error"}},"timestamp":"2025-09-16 15:49:17,080+0530","service":"FyersAPI"}
{"level":"ERROR","location":"[get_call:146] fyersModel","message":{"API":"/history","Error":{"code":-50,"data":{"range_to":"range_to cannot be 366 days greater than range_from for resolutions 1D"},"message":"Invalid input","s":"error"}},"timestamp":"2025-09-16 15:49:17,410+0530","service":"FyersAPI"}
{"level":"ERROR","location":"[get_call:146] fyersModel","message":{"API":"/history","Error":{"code":-50,"data":{"range_to":"range_to cannot be 366 days greater than range_from for resolutions 1D"},"message":"Invalid input","s":"error"}},"timestamp":"2025-09-16 15:49:17,775+0530","service":"FyersAPI"}
{"level":"ERROR","location":"[get_call:146] fyersModel","message":{"API":"/history","Error":{"code":-50,"data":{"range_to":"range_to cannot be 366 days greater than range_from for resolutions 1D"},"message":"Invalid input","s":"error"}},"timestamp":"2025-09-16 15:49:18,124+0530","service":"FyersAPI"}
{"level":"ERROR","location":"[get_call:146] fyersModel","message":{"API":"/history","Error":{"code":-50,"data":{"range_to":"range_to cannot be 366 days greater than range_from for resolutions 1D"},"message":"Invalid input","s":"error"}},"timestamp":"2025-09-16 15:49:42,315+0530","service":"FyersAPI"}
{"level":"ERROR","location":"[get_call:146] fyersModel","message":{"API":"/history","Error":{"code":-50,"data":{"range_to":"range_to cannot be 366 days greater than range_from for resolutions 1D"},"message":"Invalid input","s":"error"}},"timestamp":"2025-09-16 15:49:42,606+0530","service":"FyersAPI"}
{"level":"ERROR","location":"[get_call:146] fyersModel","message":{"API":"/history","Error":{"code":-50,"data":{"range_to":"range_to cannot be 366 days greater than range_from for resolutions 1D"},"message":"Invalid input","s":"error"}},"timestamp":"2025-09-16 15:49:42,949+0530","service":"FyersAPI"}
{"level":"ERROR","location":"[get_call:146] fyersModel","message":{"API":"/history","Error":{"code":-50,"data":{"range_to":"range_to cannot be 366 days greater than range_from for resolutions 1D"},"message":"Invalid input","s":"error"}},"timestamp":"2025-09-16 15:49:43,319+0530","service":"FyersAPI"}
{"level":"ERROR","location":"[get_call:146] fyersModel","message":{"API":"/history","Error":{"code":-50,"data":{"range_to":"range_to cannot be 366 days greater than range_from for resolutions 1D"},"message":"Invalid input","s":"error"}},"timestamp":"2025-09-16 15:49:43,678+0530","service":"FyersAPI"}
{"level":"ERROR","location":"[get_call:146] fyersModel","message":{"API":"/history","Error":{"code":-50,"data":{"range_to":"range_to cannot be 366 days greater than range_from for resolutions 1D"},"message":"Invalid input","s":"error"}},"timestamp":"2025-09-16 15:49:44,024+0530","service":"FyersAPI"}
{"level":"ERROR","location":"[get_call:146] fyersModel","message":{"API":"/history","Error":{"code":-50,"data":{"range_to":"range_to cannot be 366 days greater than range_from for resolutions 1D"},"message":"Invalid input","s":"error"}},"timestamp":"2025-09-16 15:49:44,358+0530","service":"FyersAPI"}
{"level":"ERROR","location":"[get_call:146] fyersModel","message":{"API":"/history","Error":{"code":-50,"data":{"range_to":"range_to cannot be 366 days greater than range_from for resolutions 1D"},"message":"Invalid input","s":"error"}},"timestamp":"2025-09-16 15:49:44,636+0530","service":"FyersAPI"}
{"level":"ERROR","location":"[get_call:146] fyersModel","message":{"API":"/history","Error":{"code":-50,"data":{"range_to":"range_to cannot be 366 days greater than range_from for resolutions 1D"},"message":"Invalid input","s":"error"}},"timestamp":"2025-09-16 15:49:44,986+0530","service":"FyersAPI"}
{"level":"ERROR","location":"[get_call:146] fyersModel","message":{"API":"/history","Error":{"code":-50,"data":{"range_to":"range_to cannot be 100 days greater than range_from for resolutions 1, 2, 3, 5, 10, 15, 20, 30, 45, 60, 120, 180 and 240"},"message":"Invalid input","s":"error"}},"timestamp":"2025-10-09 15:13:09,954+0530","service":"FyersAPI"}
{"level":"ERROR","location":"[get_call:146] fyersModel","message":{"API":"/history","Error":{"code":-50,"data":{"range_to":"range_to cannot be 100 days greater than range_from for resolutions 1, 2, 3, 5, 10, 15, 20, 30, 45, 60, 120, 180 and 240"},"message":"Invalid input","s":"error"}},"timestamp":"2025-10-09 15:13:39,851+0530","service":"FyersAPI"}
{"level":"ERROR","location":"[get_call:146] fyersModel","message":{"API":"/history","Error":{"code":-50,"data":{"resolution":"resolution should be 5S, 10S, 15S, 30S, 45S, 1, 2, 3, 5, 10, 15, 20, 30, 45, 60, 120, 180, 240 or 1D"},"message":"Invalid input","s":"error"}},"timestamp":"2025-10-09 20:27:06,882+0530","service":"FyersAPI"}
{"level":"ERROR","location":"[get_call:146] fyersModel","message":{"API":"/history","Error":{"code":-50,"data":{"resolution":"resolution should be 5S, 10S, 15S, 30S, 45S, 1, 2, 3, 5, 10, 15, 20, 30, 45, 60, 120, 180, 240 or 1D"},"message":"Invalid input","s":"error"}},"timestamp":"2025-10-09 20:27:07,077+0530","service":"FyersAPI"}
{"level":"ERROR","location":"[get_call:146] fyersModel","message":{"API":"/history","Error":{"code":-50,"data":{"date_format":"date timestamps (YYYY-MM-DD) needed for range_from and range_to since date_format is 1","from":"from range cannot be greater than to range"},"message":"Invalid input","s":"error"}},"timestamp":"2025-10-11 20:23:31,763+0530","service":"FyersAPI"}
{"level":"ERROR","location":"[get_call:146] fyersModel","message":{"API":"/profile","Error":{"s":"error","code":-8,"message":"Your token has expired. Please generate a token"}},"timestamp":"2025-10-14 11:46:07,355+0530","service":"FyersAPI"}
{"level":"ERROR","location":"[get_call:146] fyersModel","message":{"API":"/profile","Error":{"s":"error","code":-8,"message":"Your token has expired. Please generate a token"}},"timestamp":"2025-10-15 13:34:10,197+0530","service":"FyersAPI"}
